e:\sava\toweb\toweb\release\vc141.pdb
e:\sava\toweb\toweb\release\toweb.obj
e:\sava\toweb\toweb\release\stdafx.obj
e:\sava\toweb\toweb\release\operations.obj
e:\sava\toweb\toweb\release\models.obj
e:\sava\toweb\toweb\release\loadtable.obj
e:\sava\toweb\toweb\release\loadresources.obj
e:\sava\toweb\toweb\release\loadproject.obj
e:\sava\toweb\toweb\release\loadoptypes.obj
e:\sava\toweb\toweb\release\loadopresassignments.obj
e:\sava\toweb\toweb\release\loadoplinks.obj
e:\sava\toweb\toweb\release\loadoperations.obj
e:\sava\toweb\toweb\release\loadopcosts.obj
e:\sava\toweb\toweb\release\loadlinks.obj
e:\sava\toweb\toweb\release\loadgantt.obj
e:\sava\toweb\toweb\release\loadcosts.obj
e:\sava\toweb\toweb\release\helpers.obj
e:\sava\toweb\release\toweb.exe
e:\sava\toweb\release\toweb.pdb
e:\sava\toweb\toweb\release\toweb.tlog\cl.command.1.tlog
e:\sava\toweb\toweb\release\toweb.tlog\cl.read.1.tlog
e:\sava\toweb\toweb\release\toweb.tlog\cl.write.1.tlog
e:\sava\toweb\toweb\release\toweb.tlog\link.command.1.tlog
e:\sava\toweb\toweb\release\toweb.tlog\link.read.1.tlog
e:\sava\toweb\toweb\release\toweb.tlog\link.write.1.tlog
