e:\sava\toweb\toweb\debug\vc141.pdb
e:\sava\toweb\toweb\debug\vc141.idb
e:\sava\toweb\toweb\debug\toweb.obj
e:\sava\toweb\toweb\debug\stdafx.obj
e:\sava\toweb\toweb\debug\operations.obj
e:\sava\toweb\toweb\debug\models.obj
e:\sava\toweb\toweb\debug\loadtable.obj
e:\sava\toweb\toweb\debug\loadresources.obj
e:\sava\toweb\toweb\debug\loadproject.obj
e:\sava\toweb\toweb\debug\loadoptypes.obj
e:\sava\toweb\toweb\debug\loadopresassignments.obj
e:\sava\toweb\toweb\debug\loadoplinks.obj
e:\sava\toweb\toweb\debug\loadoperations.obj
e:\sava\toweb\toweb\debug\loadopcosts.obj
e:\sava\toweb\toweb\debug\loadlinks.obj
e:\sava\toweb\toweb\debug\loadgantt.obj
e:\sava\toweb\toweb\debug\loadcosts.obj
e:\sava\toweb\toweb\debug\helpers.obj
e:\sava\toweb\debug\toweb.ilk
e:\sava\toweb\debug\toweb.exe
e:\sava\toweb\debug\toweb.pdb
e:\sava\toweb\toweb\debug\toweb.tlog\cl.command.1.tlog
e:\sava\toweb\toweb\debug\toweb.tlog\cl.read.1.tlog
e:\sava\toweb\toweb\debug\toweb.tlog\cl.write.1.tlog
e:\sava\toweb\toweb\debug\toweb.tlog\link.command.1.tlog
e:\sava\toweb\toweb\debug\toweb.tlog\link.read.1.tlog
e:\sava\toweb\toweb\debug\toweb.tlog\link.write.1.tlog
